<?xml version="1.0" encoding="UTF-8"?>
<!-- Generated by org.testng.reporters.JUnitReportReporter -->
<testsuite skipped="0" hostname="LAPTOP-769F7LAL" name="scripts.S39_Test_DependsOn_OtherTest" tests="2" failures="0" timestamp="03 Sep 2021 16:40:18 GMT" time="0.019" errors="0">
  <testcase name="deleteUser" time="0.002" classname="scripts.S39_Test_DependsOn_OtherTest"/>
  <testcase name="createUser" time="0.017" classname="scripts.S39_Test_DependsOn_OtherTest"/>
</testsuite> <!-- scripts.S39_Test_DependsOn_OtherTest -->
