<?xml version="1.0" encoding="UTF-8"?>
<!-- Generated by org.testng.reporters.JUnitReportReporter -->
<testsuite skipped="0" hostname="LAPTOP-769F7LAL" name="scripts.test1" tests="1" failures="0" timestamp="02 Sep 2021 11:18:04 GMT" time="0.011" errors="0">
  <testcase name="test1" time="0.011" classname="scripts.test1"/>
</testsuite> <!-- scripts.test1 -->
