<?xml version="1.0" encoding="UTF-8"?>
<!-- Generated by org.testng.reporters.JUnitReportReporter -->
<testsuite skipped="0" hostname="LAPTOP-769F7LAL" name="scripts.testngdemo" tests="4" failures="0" timestamp="02 Sep 2021 11:17:33 GMT" time="0.020" errors="0">
  <testcase name="B" time="0.003" classname="scripts.testngdemo"/>
  <testcase name="B" time="0.002" classname="scripts.testngdemo"/>
  <testcase name="B" time="0.003" classname="scripts.testngdemo"/>
  <testcase name="A" time="0.012" classname="scripts.testngdemo"/>
</testsuite> <!-- scripts.testngdemo -->
