<?xml version="1.0" encoding="UTF-8"?>
<!-- Generated by org.testng.reporters.JUnitReportReporter -->
<testsuite skipped="0" hostname="LAPTOP-769F7LAL" name="scripts.comparingResultsSoftassert" tests="1" failures="0" timestamp="02 Sep 2021 11:35:06 GMT" time="0.013" errors="0">
  <testcase name="createUser" time="0.013" classname="scripts.comparingResultsSoftassert"/>
</testsuite> <!-- scripts.comparingResultsSoftassert -->
